Unknown:
D:\大二下课程\场波\专题研究\3\Result\e-field (#0000)_Zmax(2).m3t
D:\大二下课程\场波\专题研究\3\Result\e-field (#0000)_Zmax(2)_10.tfo
D:\大二下课程\场波\专题研究\3\Result\h-field (#0000)_Zmax(2).m3t
D:\大二下课程\场波\专题研究\3\Result\h-field (#0000)_Zmax(2).sct
D:\大二下课程\场波\专题研究\3\Result\mesh.tfo
D:\大二下课程\场波\专题研究\3\Result\Model.inf
D:\大二下课程\场波\专题研究\3\Result\Model.log
D:\大二下课程\场波\专题研究\3\Result\Model.sa
D:\大二下课程\场波\专题研究\3\Result\Port1_e1(#0000).sct
D:\大二下课程\场波\专题研究\3\Result\Port1_e10(#0000).sct
D:\大二下课程\场波\专题研究\3\Result\Port1_e10_pmm_10.tfo
D:\大二下课程\场波\专题研究\3\Result\Port1_e11(#0000).sct
D:\大二下课程\场波\专题研究\3\Result\Port1_e11_pmm_10.tfo
D:\大二下课程\场波\专题研究\3\Result\Port1_e12(#0000).sct
D:\大二下课程\场波\专题研究\3\Result\Port1_e12_pmm_10.tfo
D:\大二下课程\场波\专题研究\3\Result\Port1_e13(#0000).sct
D:\大二下课程\场波\专题研究\3\Result\Port1_e13_pmm_10.tfo
D:\大二下课程\场波\专题研究\3\Result\Port1_e14(#0000).sct
D:\大二下课程\场波\专题研究\3\Result\Port1_e14_pmm_10.tfo
D:\大二下课程\场波\专题研究\3\Result\Port1_e15(#0000).sct
D:\大二下课程\场波\专题研究\3\Result\Port1_e15_pmm_10.tfo
D:\大二下课程\场波\专题研究\3\Result\Port1_e16(#0000).sct
D:\大二下课程\场波\专题研究\3\Result\Port1_e16_pmm_10.tfo
D:\大二下课程\场波\专题研究\3\Result\Port1_e17(#0000).sct
D:\大二下课程\场波\专题研究\3\Result\Port1_e17_pmm_10.tfo
D:\大二下课程\场波\专题研究\3\Result\Port1_e18(#0000).sct
D:\大二下课程\场波\专题研究\3\Result\Port1_e18_pmm_10.tfo
D:\大二下课程\场波\专题研究\3\Result\Port1_e1_pmm_10.tfo
D:\大二下课程\场波\专题研究\3\Result\Port1_e2(#0000).sct
D:\大二下课程\场波\专题研究\3\Result\Port1_e2_pmm_10.tfo
D:\大二下课程\场波\专题研究\3\Result\Port1_e3(#0000).sct
D:\大二下课程\场波\专题研究\3\Result\Port1_e3_pmm_10.tfo
D:\大二下课程\场波\专题研究\3\Result\Port1_e4(#0000).sct
D:\大二下课程\场波\专题研究\3\Result\Port1_e4_pmm_10.tfo
D:\大二下课程\场波\专题研究\3\Result\Port1_e5(#0000).sct
D:\大二下课程\场波\专题研究\3\Result\Port1_e5_pmm_10.tfo
D:\大二下课程\场波\专题研究\3\Result\Port1_e6(#0000).sct
D:\大二下课程\场波\专题研究\3\Result\Port1_e6_pmm_10.tfo
D:\大二下课程\场波\专题研究\3\Result\Port1_e7(#0000).sct
D:\大二下课程\场波\专题研究\3\Result\Port1_e7_pmm_10.tfo
D:\大二下课程\场波\专题研究\3\Result\Port1_e8(#0000).sct
D:\大二下课程\场波\专题研究\3\Result\Port1_e8_pmm_10.tfo
D:\大二下课程\场波\专题研究\3\Result\Port1_e9(#0000).sct
D:\大二下课程\场波\专题研究\3\Result\Port1_e9_pmm_10.tfo
D:\大二下课程\场波\专题研究\3\Result\Port1_eInfo1(#0000).pmf
D:\大二下课程\场波\专题研究\3\Result\Port1_eInfo10(#0000).pmf
D:\大二下课程\场波\专题研究\3\Result\Port1_eInfo11(#0000).pmf
D:\大二下课程\场波\专题研究\3\Result\Port1_eInfo12(#0000).pmf
D:\大二下课程\场波\专题研究\3\Result\Port1_eInfo13(#0000).pmf
D:\大二下课程\场波\专题研究\3\Result\Port1_eInfo14(#0000).pmf
D:\大二下课程\场波\专题研究\3\Result\Port1_eInfo15(#0000).pmf
D:\大二下课程\场波\专题研究\3\Result\Port1_eInfo16(#0000).pmf
D:\大二下课程\场波\专题研究\3\Result\Port1_eInfo17(#0000).pmf
D:\大二下课程\场波\专题研究\3\Result\Port1_eInfo18(#0000).pmf
D:\大二下课程\场波\专题研究\3\Result\Port1_eInfo2(#0000).pmf
D:\大二下课程\场波\专题研究\3\Result\Port1_eInfo3(#0000).pmf
D:\大二下课程\场波\专题研究\3\Result\Port1_eInfo4(#0000).pmf
D:\大二下课程\场波\专题研究\3\Result\Port1_eInfo5(#0000).pmf
D:\大二下课程\场波\专题研究\3\Result\Port1_eInfo6(#0000).pmf
D:\大二下课程\场波\专题研究\3\Result\Port1_eInfo7(#0000).pmf
D:\大二下课程\场波\专题研究\3\Result\Port1_eInfo8(#0000).pmf
D:\大二下课程\场波\专题研究\3\Result\Port1_eInfo9(#0000).pmf
D:\大二下课程\场波\专题研究\3\Result\Port1_eout1(#0000).sct
D:\大二下课程\场波\专题研究\3\Result\Port1_eout10(#0000).sct
D:\大二下课程\场波\专题研究\3\Result\Port1_eout10_pmm_10.tfo
D:\大二下课程\场波\专题研究\3\Result\Port1_eout11(#0000).sct
D:\大二下课程\场波\专题研究\3\Result\Port1_eout11_pmm_10.tfo
D:\大二下课程\场波\专题研究\3\Result\Port1_eout12(#0000).sct
D:\大二下课程\场波\专题研究\3\Result\Port1_eout12_pmm_10.tfo
D:\大二下课程\场波\专题研究\3\Result\Port1_eout13(#0000).sct
D:\大二下课程\场波\专题研究\3\Result\Port1_eout13_pmm_10.tfo
D:\大二下课程\场波\专题研究\3\Result\Port1_eout14(#0000).sct
D:\大二下课程\场波\专题研究\3\Result\Port1_eout14_pmm_10.tfo
D:\大二下课程\场波\专题研究\3\Result\Port1_eout15(#0000).sct
D:\大二下课程\场波\专题研究\3\Result\Port1_eout15_pmm_10.tfo
D:\大二下课程\场波\专题研究\3\Result\Port1_eout16(#0000).sct
D:\大二下课程\场波\专题研究\3\Result\Port1_eout16_pmm_10.tfo
D:\大二下课程\场波\专题研究\3\Result\Port1_eout17(#0000).sct
D:\大二下课程\场波\专题研究\3\Result\Port1_eout17_pmm_10.tfo
D:\大二下课程\场波\专题研究\3\Result\Port1_eout18(#0000).sct
D:\大二下课程\场波\专题研究\3\Result\Port1_eout18_pmm_10.tfo
D:\大二下课程\场波\专题研究\3\Result\Port1_eout1_pmm_10.tfo
D:\大二下课程\场波\专题研究\3\Result\Port1_eout2(#0000).sct
D:\大二下课程\场波\专题研究\3\Result\Port1_eout2_pmm_10.tfo
D:\大二下课程\场波\专题研究\3\Result\Port1_eout3(#0000).sct
D:\大二下课程\场波\专题研究\3\Result\Port1_eout3_pmm_10.tfo
D:\大二下课程\场波\专题研究\3\Result\Port1_eout4(#0000).sct
D:\大二下课程\场波\专题研究\3\Result\Port1_eout4_pmm_10.tfo
D:\大二下课程\场波\专题研究\3\Result\Port1_eout5(#0000).sct
D:\大二下课程\场波\专题研究\3\Result\Port1_eout5_pmm_10.tfo
D:\大二下课程\场波\专题研究\3\Result\Port1_eout6(#0000).sct
D:\大二下课程\场波\专题研究\3\Result\Port1_eout6_pmm_10.tfo
D:\大二下课程\场波\专题研究\3\Result\Port1_eout7(#0000).sct
D:\大二下课程\场波\专题研究\3\Result\Port1_eout7_pmm_10.tfo
D:\大二下课程\场波\专题研究\3\Result\Port1_eout8(#0000).sct
D:\大二下课程\场波\专题研究\3\Result\Port1_eout8_pmm_10.tfo
D:\大二下课程\场波\专题研究\3\Result\Port1_eout9(#0000).sct
D:\大二下课程\场波\专题研究\3\Result\Port1_eout9_pmm_10.tfo
D:\大二下课程\场波\专题研究\3\Result\Port1_h1(#0000).sct
D:\大二下课程\场波\专题研究\3\Result\Port1_h10(#0000).sct
D:\大二下课程\场波\专题研究\3\Result\Port1_h10_pmm_10.tfo
D:\大二下课程\场波\专题研究\3\Result\Port1_h11(#0000).sct
D:\大二下课程\场波\专题研究\3\Result\Port1_h11_pmm_10.tfo
D:\大二下课程\场波\专题研究\3\Result\Port1_h12(#0000).sct
D:\大二下课程\场波\专题研究\3\Result\Port1_h12_pmm_10.tfo
D:\大二下课程\场波\专题研究\3\Result\Port1_h13(#0000).sct
D:\大二下课程\场波\专题研究\3\Result\Port1_h13_pmm_10.tfo
D:\大二下课程\场波\专题研究\3\Result\Port1_h14(#0000).sct
D:\大二下课程\场波\专题研究\3\Result\Port1_h14_pmm_10.tfo
D:\大二下课程\场波\专题研究\3\Result\Port1_h15(#0000).sct
D:\大二下课程\场波\专题研究\3\Result\Port1_h15_pmm_10.tfo
D:\大二下课程\场波\专题研究\3\Result\Port1_h16(#0000).sct
D:\大二下课程\场波\专题研究\3\Result\Port1_h16_pmm_10.tfo
D:\大二下课程\场波\专题研究\3\Result\Port1_h17(#0000).sct
D:\大二下课程\场波\专题研究\3\Result\Port1_h17_pmm_10.tfo
D:\大二下课程\场波\专题研究\3\Result\Port1_h18(#0000).sct
D:\大二下课程\场波\专题研究\3\Result\Port1_h18_pmm_10.tfo
D:\大二下课程\场波\专题研究\3\Result\Port1_h1_pmm_10.tfo
D:\大二下课程\场波\专题研究\3\Result\Port1_h2(#0000).sct
D:\大二下课程\场波\专题研究\3\Result\Port1_h2_pmm_10.tfo
D:\大二下课程\场波\专题研究\3\Result\Port1_h3(#0000).sct
D:\大二下课程\场波\专题研究\3\Result\Port1_h3_pmm_10.tfo
D:\大二下课程\场波\专题研究\3\Result\Port1_h4(#0000).sct
D:\大二下课程\场波\专题研究\3\Result\Port1_h4_pmm_10.tfo
D:\大二下课程\场波\专题研究\3\Result\Port1_h5(#0000).sct
D:\大二下课程\场波\专题研究\3\Result\Port1_h5_pmm_10.tfo
D:\大二下课程\场波\专题研究\3\Result\Port1_h6(#0000).sct
D:\大二下课程\场波\专题研究\3\Result\Port1_h6_pmm_10.tfo
D:\大二下课程\场波\专题研究\3\Result\Port1_h7(#0000).sct
D:\大二下课程\场波\专题研究\3\Result\Port1_h7_pmm_10.tfo
D:\大二下课程\场波\专题研究\3\Result\Port1_h8(#0000).sct
D:\大二下课程\场波\专题研究\3\Result\Port1_h8_pmm_10.tfo
D:\大二下课程\场波\专题研究\3\Result\Port1_h9(#0000).sct
D:\大二下课程\场波\专题研究\3\Result\Port1_h9_pmm_10.tfo
D:\大二下课程\场波\专题研究\3\Result\Port1_hInfo1(#0000).pmf
D:\大二下课程\场波\专题研究\3\Result\Port1_hInfo10(#0000).pmf
D:\大二下课程\场波\专题研究\3\Result\Port1_hInfo11(#0000).pmf
D:\大二下课程\场波\专题研究\3\Result\Port1_hInfo12(#0000).pmf
D:\大二下课程\场波\专题研究\3\Result\Port1_hInfo13(#0000).pmf
D:\大二下课程\场波\专题研究\3\Result\Port1_hInfo14(#0000).pmf
D:\大二下课程\场波\专题研究\3\Result\Port1_hInfo15(#0000).pmf
D:\大二下课程\场波\专题研究\3\Result\Port1_hInfo16(#0000).pmf
D:\大二下课程\场波\专题研究\3\Result\Port1_hInfo17(#0000).pmf
D:\大二下课程\场波\专题研究\3\Result\Port1_hInfo18(#0000).pmf
D:\大二下课程\场波\专题研究\3\Result\Port1_hInfo2(#0000).pmf
D:\大二下课程\场波\专题研究\3\Result\Port1_hInfo3(#0000).pmf
D:\大二下课程\场波\专题研究\3\Result\Port1_hInfo4(#0000).pmf
D:\大二下课程\场波\专题研究\3\Result\Port1_hInfo5(#0000).pmf
D:\大二下课程\场波\专题研究\3\Result\Port1_hInfo6(#0000).pmf
D:\大二下课程\场波\专题研究\3\Result\Port1_hInfo7(#0000).pmf
D:\大二下课程\场波\专题研究\3\Result\Port1_hInfo8(#0000).pmf
D:\大二下课程\场波\专题研究\3\Result\Port1_hInfo9(#0000).pmf
D:\大二下课程\场波\专题研究\3\Result\Port1_hout1(#0000).sct
D:\大二下课程\场波\专题研究\3\Result\Port1_hout10(#0000).sct
D:\大二下课程\场波\专题研究\3\Result\Port1_hout10_pmm_10.tfo
D:\大二下课程\场波\专题研究\3\Result\Port1_hout11(#0000).sct
D:\大二下课程\场波\专题研究\3\Result\Port1_hout11_pmm_10.tfo
D:\大二下课程\场波\专题研究\3\Result\Port1_hout12(#0000).sct
D:\大二下课程\场波\专题研究\3\Result\Port1_hout12_pmm_10.tfo
D:\大二下课程\场波\专题研究\3\Result\Port1_hout13(#0000).sct
D:\大二下课程\场波\专题研究\3\Result\Port1_hout13_pmm_10.tfo
D:\大二下课程\场波\专题研究\3\Result\Port1_hout14(#0000).sct
D:\大二下课程\场波\专题研究\3\Result\Port1_hout14_pmm_10.tfo
D:\大二下课程\场波\专题研究\3\Result\Port1_hout15(#0000).sct
D:\大二下课程\场波\专题研究\3\Result\Port1_hout15_pmm_10.tfo
D:\大二下课程\场波\专题研究\3\Result\Port1_hout16(#0000).sct
D:\大二下课程\场波\专题研究\3\Result\Port1_hout16_pmm_10.tfo
D:\大二下课程\场波\专题研究\3\Result\Port1_hout17(#0000).sct
D:\大二下课程\场波\专题研究\3\Result\Port1_hout17_pmm_10.tfo
D:\大二下课程\场波\专题研究\3\Result\Port1_hout18(#0000).sct
D:\大二下课程\场波\专题研究\3\Result\Port1_hout18_pmm_10.tfo
D:\大二下课程\场波\专题研究\3\Result\Port1_hout1_pmm_10.tfo
D:\大二下课程\场波\专题研究\3\Result\Port1_hout2(#0000).sct
D:\大二下课程\场波\专题研究\3\Result\Port1_hout2_pmm_10.tfo
D:\大二下课程\场波\专题研究\3\Result\Port1_hout3(#0000).sct
D:\大二下课程\场波\专题研究\3\Result\Port1_hout3_pmm_10.tfo
D:\大二下课程\场波\专题研究\3\Result\Port1_hout4(#0000).sct
D:\大二下课程\场波\专题研究\3\Result\Port1_hout4_pmm_10.tfo
D:\大二下课程\场波\专题研究\3\Result\Port1_hout5(#0000).sct
D:\大二下课程\场波\专题研究\3\Result\Port1_hout5_pmm_10.tfo
D:\大二下课程\场波\专题研究\3\Result\Port1_hout6(#0000).sct
D:\大二下课程\场波\专题研究\3\Result\Port1_hout6_pmm_10.tfo
D:\大二下课程\场波\专题研究\3\Result\Port1_hout7(#0000).sct
D:\大二下课程\场波\专题研究\3\Result\Port1_hout7_pmm_10.tfo
D:\大二下课程\场波\专题研究\3\Result\Port1_hout8(#0000).sct
D:\大二下课程\场波\专题研究\3\Result\Port1_hout8_pmm_10.tfo
D:\大二下课程\场波\专题研究\3\Result\Port1_hout9(#0000).sct
D:\大二下课程\场波\专题研究\3\Result\Port1_hout9_pmm_10.tfo
D:\大二下课程\场波\专题研究\3\Result\Port1_p1(#0000).sct
D:\大二下课程\场波\专题研究\3\Result\Port1_p10(#0000).sct
D:\大二下课程\场波\专题研究\3\Result\Port1_p10_pmm_10.tfo
D:\大二下课程\场波\专题研究\3\Result\Port1_p11(#0000).sct
D:\大二下课程\场波\专题研究\3\Result\Port1_p11_pmm_10.tfo
D:\大二下课程\场波\专题研究\3\Result\Port1_p12(#0000).sct
D:\大二下课程\场波\专题研究\3\Result\Port1_p12_pmm_10.tfo
D:\大二下课程\场波\专题研究\3\Result\Port1_p13(#0000).sct
D:\大二下课程\场波\专题研究\3\Result\Port1_p13_pmm_10.tfo
D:\大二下课程\场波\专题研究\3\Result\Port1_p14(#0000).sct
D:\大二下课程\场波\专题研究\3\Result\Port1_p14_pmm_10.tfo
D:\大二下课程\场波\专题研究\3\Result\Port1_p15(#0000).sct
D:\大二下课程\场波\专题研究\3\Result\Port1_p15_pmm_10.tfo
D:\大二下课程\场波\专题研究\3\Result\Port1_p16(#0000).sct
D:\大二下课程\场波\专题研究\3\Result\Port1_p16_pmm_10.tfo
D:\大二下课程\场波\专题研究\3\Result\Port1_p17(#0000).sct
D:\大二下课程\场波\专题研究\3\Result\Port1_p17_pmm_10.tfo
D:\大二下课程\场波\专题研究\3\Result\Port1_p18(#0000).sct
D:\大二下课程\场波\专题研究\3\Result\Port1_p18_pmm_10.tfo
D:\大二下课程\场波\专题研究\3\Result\Port1_p1_pmm_10.tfo
D:\大二下课程\场波\专题研究\3\Result\Port1_p2(#0000).sct
D:\大二下课程\场波\专题研究\3\Result\Port1_p2_pmm_10.tfo
D:\大二下课程\场波\专题研究\3\Result\Port1_p3(#0000).sct
D:\大二下课程\场波\专题研究\3\Result\Port1_p3_pmm_10.tfo
D:\大二下课程\场波\专题研究\3\Result\Port1_p4(#0000).sct
D:\大二下课程\场波\专题研究\3\Result\Port1_p4_pmm_10.tfo
D:\大二下课程\场波\专题研究\3\Result\Port1_p5(#0000).sct
D:\大二下课程\场波\专题研究\3\Result\Port1_p5_pmm_10.tfo
D:\大二下课程\场波\专题研究\3\Result\Port1_p6(#0000).sct
D:\大二下课程\场波\专题研究\3\Result\Port1_p6_pmm_10.tfo
D:\大二下课程\场波\专题研究\3\Result\Port1_p7(#0000).sct
D:\大二下课程\场波\专题研究\3\Result\Port1_p7_pmm_10.tfo
D:\大二下课程\场波\专题研究\3\Result\Port1_p8(#0000).sct
D:\大二下课程\场波\专题研究\3\Result\Port1_p8_pmm_10.tfo
D:\大二下课程\场波\专题研究\3\Result\Port1_p9(#0000).sct
D:\大二下课程\场波\专题研究\3\Result\Port1_p9_pmm_10.tfo
D:\大二下课程\场波\专题研究\3\Result\Port1_pInfo1(#0000).pmf
D:\大二下课程\场波\专题研究\3\Result\Port1_pInfo10(#0000).pmf
D:\大二下课程\场波\专题研究\3\Result\Port1_pInfo11(#0000).pmf
D:\大二下课程\场波\专题研究\3\Result\Port1_pInfo12(#0000).pmf
D:\大二下课程\场波\专题研究\3\Result\Port1_pInfo13(#0000).pmf
D:\大二下课程\场波\专题研究\3\Result\Port1_pInfo14(#0000).pmf
D:\大二下课程\场波\专题研究\3\Result\Port1_pInfo15(#0000).pmf
D:\大二下课程\场波\专题研究\3\Result\Port1_pInfo16(#0000).pmf
D:\大二下课程\场波\专题研究\3\Result\Port1_pInfo17(#0000).pmf
D:\大二下课程\场波\专题研究\3\Result\Port1_pInfo18(#0000).pmf
D:\大二下课程\场波\专题研究\3\Result\Port1_pInfo2(#0000).pmf
D:\大二下课程\场波\专题研究\3\Result\Port1_pInfo3(#0000).pmf
D:\大二下课程\场波\专题研究\3\Result\Port1_pInfo4(#0000).pmf
D:\大二下课程\场波\专题研究\3\Result\Port1_pInfo5(#0000).pmf
D:\大二下课程\场波\专题研究\3\Result\Port1_pInfo6(#0000).pmf
D:\大二下课程\场波\专题研究\3\Result\Port1_pInfo7(#0000).pmf
D:\大二下课程\场波\专题研究\3\Result\Port1_pInfo8(#0000).pmf
D:\大二下课程\场波\专题研究\3\Result\Port1_pInfo9(#0000).pmf
D:\大二下课程\场波\专题研究\3\Result\Port1_pout1(#0000).sct
D:\大二下课程\场波\专题研究\3\Result\Port1_pout10(#0000).sct
D:\大二下课程\场波\专题研究\3\Result\Port1_pout10_pmm_10.tfo
D:\大二下课程\场波\专题研究\3\Result\Port1_pout11(#0000).sct
D:\大二下课程\场波\专题研究\3\Result\Port1_pout11_pmm_10.tfo
D:\大二下课程\场波\专题研究\3\Result\Port1_pout12(#0000).sct
D:\大二下课程\场波\专题研究\3\Result\Port1_pout12_pmm_10.tfo
D:\大二下课程\场波\专题研究\3\Result\Port1_pout13(#0000).sct
D:\大二下课程\场波\专题研究\3\Result\Port1_pout13_pmm_10.tfo
D:\大二下课程\场波\专题研究\3\Result\Port1_pout14(#0000).sct
D:\大二下课程\场波\专题研究\3\Result\Port1_pout14_pmm_10.tfo
D:\大二下课程\场波\专题研究\3\Result\Port1_pout15(#0000).sct
D:\大二下课程\场波\专题研究\3\Result\Port1_pout15_pmm_10.tfo
D:\大二下课程\场波\专题研究\3\Result\Port1_pout16(#0000).sct
D:\大二下课程\场波\专题研究\3\Result\Port1_pout16_pmm_10.tfo
D:\大二下课程\场波\专题研究\3\Result\Port1_pout17(#0000).sct
D:\大二下课程\场波\专题研究\3\Result\Port1_pout17_pmm_10.tfo
D:\大二下课程\场波\专题研究\3\Result\Port1_pout18(#0000).sct
D:\大二下课程\场波\专题研究\3\Result\Port1_pout18_pmm_10.tfo
D:\大二下课程\场波\专题研究\3\Result\Port1_pout1_pmm_10.tfo
D:\大二下课程\场波\专题研究\3\Result\Port1_pout2(#0000).sct
D:\大二下课程\场波\专题研究\3\Result\Port1_pout2_pmm_10.tfo
D:\大二下课程\场波\专题研究\3\Result\Port1_pout3(#0000).sct
D:\大二下课程\场波\专题研究\3\Result\Port1_pout3_pmm_10.tfo
D:\大二下课程\场波\专题研究\3\Result\Port1_pout4(#0000).sct
D:\大二下课程\场波\专题研究\3\Result\Port1_pout4_pmm_10.tfo
D:\大二下课程\场波\专题研究\3\Result\Port1_pout5(#0000).sct
D:\大二下课程\场波\专题研究\3\Result\Port1_pout5_pmm_10.tfo
D:\大二下课程\场波\专题研究\3\Result\Port1_pout6(#0000).sct
D:\大二下课程\场波\专题研究\3\Result\Port1_pout6_pmm_10.tfo
D:\大二下课程\场波\专题研究\3\Result\Port1_pout7(#0000).sct
D:\大二下课程\场波\专题研究\3\Result\Port1_pout7_pmm_10.tfo
D:\大二下课程\场波\专题研究\3\Result\Port1_pout8(#0000).sct
D:\大二下课程\场波\专题研究\3\Result\Port1_pout8_pmm_10.tfo
D:\大二下课程\场波\专题研究\3\Result\Port1_pout9(#0000).sct
D:\大二下课程\场波\专题研究\3\Result\Port1_pout9_pmm_10.tfo
D:\大二下课程\场波\专题研究\3\Result\Port2_e1(#0000).sct
D:\大二下课程\场波\专题研究\3\Result\Port2_e10(#0000).sct
D:\大二下课程\场波\专题研究\3\Result\Port2_e10_pmm_10.tfo
D:\大二下课程\场波\专题研究\3\Result\Port2_e11(#0000).sct
D:\大二下课程\场波\专题研究\3\Result\Port2_e11_pmm_10.tfo
D:\大二下课程\场波\专题研究\3\Result\Port2_e12(#0000).sct
D:\大二下课程\场波\专题研究\3\Result\Port2_e12_pmm_10.tfo
D:\大二下课程\场波\专题研究\3\Result\Port2_e13(#0000).sct
D:\大二下课程\场波\专题研究\3\Result\Port2_e13_pmm_10.tfo
D:\大二下课程\场波\专题研究\3\Result\Port2_e14(#0000).sct
D:\大二下课程\场波\专题研究\3\Result\Port2_e14_pmm_10.tfo
D:\大二下课程\场波\专题研究\3\Result\Port2_e15(#0000).sct
D:\大二下课程\场波\专题研究\3\Result\Port2_e15_pmm_10.tfo
D:\大二下课程\场波\专题研究\3\Result\Port2_e16(#0000).sct
D:\大二下课程\场波\专题研究\3\Result\Port2_e16_pmm_10.tfo
D:\大二下课程\场波\专题研究\3\Result\Port2_e17(#0000).sct
D:\大二下课程\场波\专题研究\3\Result\Port2_e17_pmm_10.tfo
D:\大二下课程\场波\专题研究\3\Result\Port2_e18(#0000).sct
D:\大二下课程\场波\专题研究\3\Result\Port2_e18_pmm_10.tfo
D:\大二下课程\场波\专题研究\3\Result\Port2_e1_pmm_10.tfo
D:\大二下课程\场波\专题研究\3\Result\Port2_e2(#0000).sct
D:\大二下课程\场波\专题研究\3\Result\Port2_e2_pmm_10.tfo
D:\大二下课程\场波\专题研究\3\Result\Port2_e3(#0000).sct
D:\大二下课程\场波\专题研究\3\Result\Port2_e3_pmm_10.tfo
D:\大二下课程\场波\专题研究\3\Result\Port2_e4(#0000).sct
D:\大二下课程\场波\专题研究\3\Result\Port2_e4_pmm_10.tfo
D:\大二下课程\场波\专题研究\3\Result\Port2_e5(#0000).sct
D:\大二下课程\场波\专题研究\3\Result\Port2_e5_pmm_10.tfo
D:\大二下课程\场波\专题研究\3\Result\Port2_e6(#0000).sct
D:\大二下课程\场波\专题研究\3\Result\Port2_e6_pmm_10.tfo
D:\大二下课程\场波\专题研究\3\Result\Port2_e7(#0000).sct
D:\大二下课程\场波\专题研究\3\Result\Port2_e7_pmm_10.tfo
D:\大二下课程\场波\专题研究\3\Result\Port2_e8(#0000).sct
D:\大二下课程\场波\专题研究\3\Result\Port2_e8_pmm_10.tfo
D:\大二下课程\场波\专题研究\3\Result\Port2_e9(#0000).sct
D:\大二下课程\场波\专题研究\3\Result\Port2_e9_pmm_10.tfo
D:\大二下课程\场波\专题研究\3\Result\Port2_eInfo1(#0000).pmf
D:\大二下课程\场波\专题研究\3\Result\Port2_eInfo10(#0000).pmf
D:\大二下课程\场波\专题研究\3\Result\Port2_eInfo11(#0000).pmf
D:\大二下课程\场波\专题研究\3\Result\Port2_eInfo12(#0000).pmf
D:\大二下课程\场波\专题研究\3\Result\Port2_eInfo13(#0000).pmf
D:\大二下课程\场波\专题研究\3\Result\Port2_eInfo14(#0000).pmf
D:\大二下课程\场波\专题研究\3\Result\Port2_eInfo15(#0000).pmf
D:\大二下课程\场波\专题研究\3\Result\Port2_eInfo16(#0000).pmf
D:\大二下课程\场波\专题研究\3\Result\Port2_eInfo17(#0000).pmf
D:\大二下课程\场波\专题研究\3\Result\Port2_eInfo18(#0000).pmf
D:\大二下课程\场波\专题研究\3\Result\Port2_eInfo2(#0000).pmf
D:\大二下课程\场波\专题研究\3\Result\Port2_eInfo3(#0000).pmf
D:\大二下课程\场波\专题研究\3\Result\Port2_eInfo4(#0000).pmf
D:\大二下课程\场波\专题研究\3\Result\Port2_eInfo5(#0000).pmf
D:\大二下课程\场波\专题研究\3\Result\Port2_eInfo6(#0000).pmf
D:\大二下课程\场波\专题研究\3\Result\Port2_eInfo7(#0000).pmf
D:\大二下课程\场波\专题研究\3\Result\Port2_eInfo8(#0000).pmf
D:\大二下课程\场波\专题研究\3\Result\Port2_eInfo9(#0000).pmf
D:\大二下课程\场波\专题研究\3\Result\Port2_eout1(#0000).sct
D:\大二下课程\场波\专题研究\3\Result\Port2_eout10(#0000).sct
D:\大二下课程\场波\专题研究\3\Result\Port2_eout10_pmm_10.tfo
D:\大二下课程\场波\专题研究\3\Result\Port2_eout11(#0000).sct
D:\大二下课程\场波\专题研究\3\Result\Port2_eout11_pmm_10.tfo
D:\大二下课程\场波\专题研究\3\Result\Port2_eout12(#0000).sct
D:\大二下课程\场波\专题研究\3\Result\Port2_eout12_pmm_10.tfo
D:\大二下课程\场波\专题研究\3\Result\Port2_eout13(#0000).sct
D:\大二下课程\场波\专题研究\3\Result\Port2_eout13_pmm_10.tfo
D:\大二下课程\场波\专题研究\3\Result\Port2_eout14(#0000).sct
D:\大二下课程\场波\专题研究\3\Result\Port2_eout14_pmm_10.tfo
D:\大二下课程\场波\专题研究\3\Result\Port2_eout15(#0000).sct
D:\大二下课程\场波\专题研究\3\Result\Port2_eout15_pmm_10.tfo
D:\大二下课程\场波\专题研究\3\Result\Port2_eout16(#0000).sct
D:\大二下课程\场波\专题研究\3\Result\Port2_eout16_pmm_10.tfo
D:\大二下课程\场波\专题研究\3\Result\Port2_eout17(#0000).sct
D:\大二下课程\场波\专题研究\3\Result\Port2_eout17_pmm_10.tfo
D:\大二下课程\场波\专题研究\3\Result\Port2_eout18(#0000).sct
D:\大二下课程\场波\专题研究\3\Result\Port2_eout18_pmm_10.tfo
D:\大二下课程\场波\专题研究\3\Result\Port2_eout1_pmm_10.tfo
D:\大二下课程\场波\专题研究\3\Result\Port2_eout2(#0000).sct
D:\大二下课程\场波\专题研究\3\Result\Port2_eout2_pmm_10.tfo
D:\大二下课程\场波\专题研究\3\Result\Port2_eout3(#0000).sct
D:\大二下课程\场波\专题研究\3\Result\Port2_eout3_pmm_10.tfo
D:\大二下课程\场波\专题研究\3\Result\Port2_eout4(#0000).sct
D:\大二下课程\场波\专题研究\3\Result\Port2_eout4_pmm_10.tfo
D:\大二下课程\场波\专题研究\3\Result\Port2_eout5(#0000).sct
D:\大二下课程\场波\专题研究\3\Result\Port2_eout5_pmm_10.tfo
D:\大二下课程\场波\专题研究\3\Result\Port2_eout6(#0000).sct
D:\大二下课程\场波\专题研究\3\Result\Port2_eout6_pmm_10.tfo
D:\大二下课程\场波\专题研究\3\Result\Port2_eout7(#0000).sct
D:\大二下课程\场波\专题研究\3\Result\Port2_eout7_pmm_10.tfo
D:\大二下课程\场波\专题研究\3\Result\Port2_eout8(#0000).sct
D:\大二下课程\场波\专题研究\3\Result\Port2_eout8_pmm_10.tfo
D:\大二下课程\场波\专题研究\3\Result\Port2_eout9(#0000).sct
D:\大二下课程\场波\专题研究\3\Result\Port2_eout9_pmm_10.tfo
D:\大二下课程\场波\专题研究\3\Result\Port2_h1(#0000).sct
D:\大二下课程\场波\专题研究\3\Result\Port2_h10(#0000).sct
D:\大二下课程\场波\专题研究\3\Result\Port2_h10_pmm_10.tfo
D:\大二下课程\场波\专题研究\3\Result\Port2_h11(#0000).sct
D:\大二下课程\场波\专题研究\3\Result\Port2_h11_pmm_10.tfo
D:\大二下课程\场波\专题研究\3\Result\Port2_h12(#0000).sct
D:\大二下课程\场波\专题研究\3\Result\Port2_h12_pmm_10.tfo
D:\大二下课程\场波\专题研究\3\Result\Port2_h13(#0000).sct
D:\大二下课程\场波\专题研究\3\Result\Port2_h13_pmm_10.tfo
D:\大二下课程\场波\专题研究\3\Result\Port2_h14(#0000).sct
D:\大二下课程\场波\专题研究\3\Result\Port2_h14_pmm_10.tfo
D:\大二下课程\场波\专题研究\3\Result\Port2_h15(#0000).sct
D:\大二下课程\场波\专题研究\3\Result\Port2_h15_pmm_10.tfo
D:\大二下课程\场波\专题研究\3\Result\Port2_h16(#0000).sct
D:\大二下课程\场波\专题研究\3\Result\Port2_h16_pmm_10.tfo
D:\大二下课程\场波\专题研究\3\Result\Port2_h17(#0000).sct
D:\大二下课程\场波\专题研究\3\Result\Port2_h17_pmm_10.tfo
D:\大二下课程\场波\专题研究\3\Result\Port2_h18(#0000).sct
D:\大二下课程\场波\专题研究\3\Result\Port2_h18_pmm_10.tfo
D:\大二下课程\场波\专题研究\3\Result\Port2_h1_pmm_10.tfo
D:\大二下课程\场波\专题研究\3\Result\Port2_h2(#0000).sct
D:\大二下课程\场波\专题研究\3\Result\Port2_h2_pmm_10.tfo
D:\大二下课程\场波\专题研究\3\Result\Port2_h3(#0000).sct
D:\大二下课程\场波\专题研究\3\Result\Port2_h3_pmm_10.tfo
D:\大二下课程\场波\专题研究\3\Result\Port2_h4(#0000).sct
D:\大二下课程\场波\专题研究\3\Result\Port2_h4_pmm_10.tfo
D:\大二下课程\场波\专题研究\3\Result\Port2_h5(#0000).sct
D:\大二下课程\场波\专题研究\3\Result\Port2_h5_pmm_10.tfo
D:\大二下课程\场波\专题研究\3\Result\Port2_h6(#0000).sct
D:\大二下课程\场波\专题研究\3\Result\Port2_h6_pmm_10.tfo
D:\大二下课程\场波\专题研究\3\Result\Port2_h7(#0000).sct
D:\大二下课程\场波\专题研究\3\Result\Port2_h7_pmm_10.tfo
D:\大二下课程\场波\专题研究\3\Result\Port2_h8(#0000).sct
D:\大二下课程\场波\专题研究\3\Result\Port2_h8_pmm_10.tfo
D:\大二下课程\场波\专题研究\3\Result\Port2_h9(#0000).sct
D:\大二下课程\场波\专题研究\3\Result\Port2_h9_pmm_10.tfo
D:\大二下课程\场波\专题研究\3\Result\Port2_hInfo1(#0000).pmf
D:\大二下课程\场波\专题研究\3\Result\Port2_hInfo10(#0000).pmf
D:\大二下课程\场波\专题研究\3\Result\Port2_hInfo11(#0000).pmf
D:\大二下课程\场波\专题研究\3\Result\Port2_hInfo12(#0000).pmf
D:\大二下课程\场波\专题研究\3\Result\Port2_hInfo13(#0000).pmf
D:\大二下课程\场波\专题研究\3\Result\Port2_hInfo14(#0000).pmf
D:\大二下课程\场波\专题研究\3\Result\Port2_hInfo15(#0000).pmf
D:\大二下课程\场波\专题研究\3\Result\Port2_hInfo16(#0000).pmf
D:\大二下课程\场波\专题研究\3\Result\Port2_hInfo17(#0000).pmf
D:\大二下课程\场波\专题研究\3\Result\Port2_hInfo18(#0000).pmf
D:\大二下课程\场波\专题研究\3\Result\Port2_hInfo2(#0000).pmf
D:\大二下课程\场波\专题研究\3\Result\Port2_hInfo3(#0000).pmf
D:\大二下课程\场波\专题研究\3\Result\Port2_hInfo4(#0000).pmf
D:\大二下课程\场波\专题研究\3\Result\Port2_hInfo5(#0000).pmf
D:\大二下课程\场波\专题研究\3\Result\Port2_hInfo6(#0000).pmf
D:\大二下课程\场波\专题研究\3\Result\Port2_hInfo7(#0000).pmf
D:\大二下课程\场波\专题研究\3\Result\Port2_hInfo8(#0000).pmf
D:\大二下课程\场波\专题研究\3\Result\Port2_hInfo9(#0000).pmf
D:\大二下课程\场波\专题研究\3\Result\Port2_hout1(#0000).sct
D:\大二下课程\场波\专题研究\3\Result\Port2_hout10(#0000).sct
D:\大二下课程\场波\专题研究\3\Result\Port2_hout10_pmm_10.tfo
D:\大二下课程\场波\专题研究\3\Result\Port2_hout11(#0000).sct
D:\大二下课程\场波\专题研究\3\Result\Port2_hout11_pmm_10.tfo
D:\大二下课程\场波\专题研究\3\Result\Port2_hout12(#0000).sct
D:\大二下课程\场波\专题研究\3\Result\Port2_hout12_pmm_10.tfo
D:\大二下课程\场波\专题研究\3\Result\Port2_hout13(#0000).sct
D:\大二下课程\场波\专题研究\3\Result\Port2_hout13_pmm_10.tfo
D:\大二下课程\场波\专题研究\3\Result\Port2_hout14(#0000).sct
D:\大二下课程\场波\专题研究\3\Result\Port2_hout14_pmm_10.tfo
D:\大二下课程\场波\专题研究\3\Result\Port2_hout15(#0000).sct
D:\大二下课程\场波\专题研究\3\Result\Port2_hout15_pmm_10.tfo
D:\大二下课程\场波\专题研究\3\Result\Port2_hout16(#0000).sct
D:\大二下课程\场波\专题研究\3\Result\Port2_hout16_pmm_10.tfo
D:\大二下课程\场波\专题研究\3\Result\Port2_hout17(#0000).sct
D:\大二下课程\场波\专题研究\3\Result\Port2_hout17_pmm_10.tfo
D:\大二下课程\场波\专题研究\3\Result\Port2_hout18(#0000).sct
D:\大二下课程\场波\专题研究\3\Result\Port2_hout18_pmm_10.tfo
D:\大二下课程\场波\专题研究\3\Result\Port2_hout1_pmm_10.tfo
D:\大二下课程\场波\专题研究\3\Result\Port2_hout2(#0000).sct
D:\大二下课程\场波\专题研究\3\Result\Port2_hout2_pmm_10.tfo
D:\大二下课程\场波\专题研究\3\Result\Port2_hout3(#0000).sct
D:\大二下课程\场波\专题研究\3\Result\Port2_hout3_pmm_10.tfo
D:\大二下课程\场波\专题研究\3\Result\Port2_hout4(#0000).sct
D:\大二下课程\场波\专题研究\3\Result\Port2_hout4_pmm_10.tfo
D:\大二下课程\场波\专题研究\3\Result\Port2_hout5(#0000).sct
D:\大二下课程\场波\专题研究\3\Result\Port2_hout5_pmm_10.tfo
D:\大二下课程\场波\专题研究\3\Result\Port2_hout6(#0000).sct
D:\大二下课程\场波\专题研究\3\Result\Port2_hout6_pmm_10.tfo
D:\大二下课程\场波\专题研究\3\Result\Port2_hout7(#0000).sct
D:\大二下课程\场波\专题研究\3\Result\Port2_hout7_pmm_10.tfo
D:\大二下课程\场波\专题研究\3\Result\Port2_hout8(#0000).sct
D:\大二下课程\场波\专题研究\3\Result\Port2_hout8_pmm_10.tfo
D:\大二下课程\场波\专题研究\3\Result\Port2_hout9(#0000).sct
D:\大二下课程\场波\专题研究\3\Result\Port2_hout9_pmm_10.tfo
D:\大二下课程\场波\专题研究\3\Result\Port2_p1(#0000).sct
D:\大二下课程\场波\专题研究\3\Result\Port2_p10(#0000).sct
D:\大二下课程\场波\专题研究\3\Result\Port2_p10_pmm_10.tfo
D:\大二下课程\场波\专题研究\3\Result\Port2_p11(#0000).sct
D:\大二下课程\场波\专题研究\3\Result\Port2_p11_pmm_10.tfo
D:\大二下课程\场波\专题研究\3\Result\Port2_p12(#0000).sct
D:\大二下课程\场波\专题研究\3\Result\Port2_p12_pmm_10.tfo
D:\大二下课程\场波\专题研究\3\Result\Port2_p13(#0000).sct
D:\大二下课程\场波\专题研究\3\Result\Port2_p13_pmm_10.tfo
D:\大二下课程\场波\专题研究\3\Result\Port2_p14(#0000).sct
D:\大二下课程\场波\专题研究\3\Result\Port2_p14_pmm_10.tfo
D:\大二下课程\场波\专题研究\3\Result\Port2_p15(#0000).sct
D:\大二下课程\场波\专题研究\3\Result\Port2_p15_pmm_10.tfo
D:\大二下课程\场波\专题研究\3\Result\Port2_p16(#0000).sct
D:\大二下课程\场波\专题研究\3\Result\Port2_p16_pmm_10.tfo
D:\大二下课程\场波\专题研究\3\Result\Port2_p17(#0000).sct
D:\大二下课程\场波\专题研究\3\Result\Port2_p17_pmm_10.tfo
D:\大二下课程\场波\专题研究\3\Result\Port2_p18(#0000).sct
D:\大二下课程\场波\专题研究\3\Result\Port2_p18_pmm_10.tfo
D:\大二下课程\场波\专题研究\3\Result\Port2_p1_pmm_10.tfo
D:\大二下课程\场波\专题研究\3\Result\Port2_p2(#0000).sct
D:\大二下课程\场波\专题研究\3\Result\Port2_p2_pmm_10.tfo
D:\大二下课程\场波\专题研究\3\Result\Port2_p3(#0000).sct
D:\大二下课程\场波\专题研究\3\Result\Port2_p3_pmm_10.tfo
D:\大二下课程\场波\专题研究\3\Result\Port2_p4(#0000).sct
D:\大二下课程\场波\专题研究\3\Result\Port2_p4_pmm_10.tfo
D:\大二下课程\场波\专题研究\3\Result\Port2_p5(#0000).sct
D:\大二下课程\场波\专题研究\3\Result\Port2_p5_pmm_10.tfo
D:\大二下课程\场波\专题研究\3\Result\Port2_p6(#0000).sct
D:\大二下课程\场波\专题研究\3\Result\Port2_p6_pmm_10.tfo
D:\大二下课程\场波\专题研究\3\Result\Port2_p7(#0000).sct
D:\大二下课程\场波\专题研究\3\Result\Port2_p7_pmm_10.tfo
D:\大二下课程\场波\专题研究\3\Result\Port2_p8(#0000).sct
D:\大二下课程\场波\专题研究\3\Result\Port2_p8_pmm_10.tfo
D:\大二下课程\场波\专题研究\3\Result\Port2_p9(#0000).sct
D:\大二下课程\场波\专题研究\3\Result\Port2_p9_pmm_10.tfo
D:\大二下课程\场波\专题研究\3\Result\Port2_pInfo1(#0000).pmf
D:\大二下课程\场波\专题研究\3\Result\Port2_pInfo10(#0000).pmf
D:\大二下课程\场波\专题研究\3\Result\Port2_pInfo11(#0000).pmf
D:\大二下课程\场波\专题研究\3\Result\Port2_pInfo12(#0000).pmf
D:\大二下课程\场波\专题研究\3\Result\Port2_pInfo13(#0000).pmf
D:\大二下课程\场波\专题研究\3\Result\Port2_pInfo14(#0000).pmf
D:\大二下课程\场波\专题研究\3\Result\Port2_pInfo15(#0000).pmf
D:\大二下课程\场波\专题研究\3\Result\Port2_pInfo16(#0000).pmf
D:\大二下课程\场波\专题研究\3\Result\Port2_pInfo17(#0000).pmf
D:\大二下课程\场波\专题研究\3\Result\Port2_pInfo18(#0000).pmf
D:\大二下课程\场波\专题研究\3\Result\Port2_pInfo2(#0000).pmf
D:\大二下课程\场波\专题研究\3\Result\Port2_pInfo3(#0000).pmf
D:\大二下课程\场波\专题研究\3\Result\Port2_pInfo4(#0000).pmf
D:\大二下课程\场波\专题研究\3\Result\Port2_pInfo5(#0000).pmf
D:\大二下课程\场波\专题研究\3\Result\Port2_pInfo6(#0000).pmf
D:\大二下课程\场波\专题研究\3\Result\Port2_pInfo7(#0000).pmf
D:\大二下课程\场波\专题研究\3\Result\Port2_pInfo8(#0000).pmf
D:\大二下课程\场波\专题研究\3\Result\Port2_pInfo9(#0000).pmf
D:\大二下课程\场波\专题研究\3\Result\Port2_pout1(#0000).sct
D:\大二下课程\场波\专题研究\3\Result\Port2_pout10(#0000).sct
D:\大二下课程\场波\专题研究\3\Result\Port2_pout10_pmm_10.tfo
D:\大二下课程\场波\专题研究\3\Result\Port2_pout11(#0000).sct
D:\大二下课程\场波\专题研究\3\Result\Port2_pout11_pmm_10.tfo
D:\大二下课程\场波\专题研究\3\Result\Port2_pout12(#0000).sct
D:\大二下课程\场波\专题研究\3\Result\Port2_pout12_pmm_10.tfo
D:\大二下课程\场波\专题研究\3\Result\Port2_pout13(#0000).sct
D:\大二下课程\场波\专题研究\3\Result\Port2_pout13_pmm_10.tfo
D:\大二下课程\场波\专题研究\3\Result\Port2_pout14(#0000).sct
D:\大二下课程\场波\专题研究\3\Result\Port2_pout14_pmm_10.tfo
D:\大二下课程\场波\专题研究\3\Result\Port2_pout15(#0000).sct
D:\大二下课程\场波\专题研究\3\Result\Port2_pout15_pmm_10.tfo
D:\大二下课程\场波\专题研究\3\Result\Port2_pout16(#0000).sct
D:\大二下课程\场波\专题研究\3\Result\Port2_pout16_pmm_10.tfo
D:\大二下课程\场波\专题研究\3\Result\Port2_pout17(#0000).sct
D:\大二下课程\场波\专题研究\3\Result\Port2_pout17_pmm_10.tfo
D:\大二下课程\场波\专题研究\3\Result\Port2_pout18(#0000).sct
D:\大二下课程\场波\专题研究\3\Result\Port2_pout18_pmm_10.tfo
D:\大二下课程\场波\专题研究\3\Result\Port2_pout1_pmm_10.tfo
D:\大二下课程\场波\专题研究\3\Result\Port2_pout2(#0000).sct
D:\大二下课程\场波\专题研究\3\Result\Port2_pout2_pmm_10.tfo
D:\大二下课程\场波\专题研究\3\Result\Port2_pout3(#0000).sct
D:\大二下课程\场波\专题研究\3\Result\Port2_pout3_pmm_10.tfo
D:\大二下课程\场波\专题研究\3\Result\Port2_pout4(#0000).sct
D:\大二下课程\场波\专题研究\3\Result\Port2_pout4_pmm_10.tfo
D:\大二下课程\场波\专题研究\3\Result\Port2_pout5(#0000).sct
D:\大二下课程\场波\专题研究\3\Result\Port2_pout5_pmm_10.tfo
D:\大二下课程\场波\专题研究\3\Result\Port2_pout6(#0000).sct
D:\大二下课程\场波\专题研究\3\Result\Port2_pout6_pmm_10.tfo
D:\大二下课程\场波\专题研究\3\Result\Port2_pout7(#0000).sct
D:\大二下课程\场波\专题研究\3\Result\Port2_pout7_pmm_10.tfo
D:\大二下课程\场波\专题研究\3\Result\Port2_pout8(#0000).sct
D:\大二下课程\场波\专题研究\3\Result\Port2_pout8_pmm_10.tfo
D:\大二下课程\场波\专题研究\3\Result\Port2_pout9(#0000).sct
D:\大二下课程\场波\专题研究\3\Result\Port2_pout9_pmm_10.tfo
D:\大二下课程\场波\专题研究\3\Result\Postprocessing.log
D:\大二下课程\场波\专题研究\3\Result\power (#0000)_Zmax(2).m3t
D:\大二下课程\场波\专题研究\3\Result\SolCoef(#0000)_Zmax(2).scf
Mesh:
D:\大二下课程\场波\专题研究\3\Result\3do.slim
D:\大二下课程\场波\专题研究\3\Result\CellNameTo_ML_BGIDMap.tet
D:\大二下课程\场波\专题研究\3\Result\Entities2Mesh.tet
D:\大二下课程\场波\专题研究\3\Result\log.tet
D:\大二下课程\场波\专题研究\3\Result\meshprops.tet
D:\大二下课程\场波\专题研究\3\Result\mir.tet
D:\大二下课程\场波\专题研究\3\Result\ML_BGID_To_ZStart_Map.tet
D:\大二下课程\场波\专题研究\3\Result\Model.mss
D:\大二下课程\场波\专题研究\3\Result\moegeom.tet
D:\大二下课程\场波\专题研究\3\Result\Port1.slim
D:\大二下课程\场波\专题研究\3\Result\Port2.slim
D:\大二下课程\场波\专题研究\3\Result\refinementparents.tet
D:\大二下课程\场波\专题研究\3\Result\reftags.tet
D:\大二下课程\场波\专题研究\3\Result\tetquality.tet
D:\大二下课程\场波\专题研究\3\Result\topot.tet
Port:
D:\大二下课程\场波\专题研究\3\Result\Model.pmi
